Name:               coordinator
Namespace:          default
CreationTimestamp:  Mon, 27 Nov 2023 16:10:24 -0500
Labels:             app=starburst-enterprise
                    app.kubernetes.io/managed-by=Helm
                    helm-chart=starburst-enterprise-423.1.0
                    helm-release=starburst
                    managed-by=Helm
                    role=coordinator
Annotations:        deployment.kubernetes.io/revision: 3
                    meta.helm.sh/release-name: starburst
                    meta.helm.sh/release-namespace: default
Selector:           app=starburst-enterprise,helm-release=starburst,role=coordinator
Replicas:           1 desired | 1 updated | 1 total | 1 available | 0 unavailable
StrategyType:       Recreate
MinReadySeconds:    0
Pod Template:
  Labels:       app=starburst-enterprise
                helm-chart=starburst-enterprise-423.1.0
                helm-release=starburst
                managed-by=Helm
                role=coordinator
  Annotations:  checksum/coordinator-values: b446926d8d44df6a69f054e3016f055b80d3157e8464f1686dc2e7afae978412
                checksum/pullsecret: 355f9082932a897f8a2412547a0b3f1596698cd9b1b3bf448aab127b57d0e6d7
  Init Containers:
   starburst-enterprise-init:
    Image:      harbor.starburstdata.net/starburstdata/starburst-enterprise-init:1.5.2
    Port:       <none>
    Host Port:  <none>
    Command:
      starburst-conf-cli
      generate
      --values-yaml
      /work-dir/values.yaml
      --config-type
      COORDINATOR
      --starburst-config-dir
      /etc/starburst
      --starburst-license-dir
      /starburst-license-json
      --ip
      $(POD_IP)
      --k8s-namespace
      $(POD_NAMESPACE)
      --chart-version
      423.1.0
    Limits:
      memory:  4Gi
    Requests:
      cpu:     1
      memory:  4Gi
    Environment:
      POD_IP:          (v1:status.podIP)
      POD_NAMESPACE:   (v1:metadata.namespace)
    Mounts:
      /etc/starburst from starburst-config-updated (rw)
      /starburst-license-json from starburst-license-json (rw)
      /work-dir from starburst-config (rw)
  Containers:
   coordinator:
    Image:       harbor.starburstdata.net/starburstdata/starburst-enterprise:423-e.1
    Ports:       8080/TCP, 8443/TCP
    Host Ports:  0/TCP, 0/TCP
    Limits:
      memory:  4Gi
    Requests:
      cpu:      1
      memory:   4Gi
    Liveness:   http-get http://:8080/v1/info delay=0s timeout=5s period=60s #success=1 #failure=3
    Readiness:  http-get http://:8080/v1/readiness delay=0s timeout=5s period=10s #success=1 #failure=3
    Startup:    http-get http://:8080/v1/readiness delay=0s timeout=1s period=10s #success=1 #failure=40
    Environment:
      POD_ID:          (v1:metadata.uid)
      POD_IP:          (v1:status.podIP)
      POD_NAMESPACE:   (v1:metadata.namespace)
      NODE_IP:         (v1:status.hostIP)
    Mounts:
      /etc/starburst from starburst-config-updated (rw)
      /etc/starburst/telemetry from prometheus-volume (rw)
      /starburst-license-json from starburst-license-json (rw)
  Volumes:
   starburst-config:
    Type:        Secret (a volume populated by a Secret)
    SecretName:  values-yaml-secret
    Optional:    false
   starburst-license-json:
    Type:        Secret (a volume populated by a Secret)
    SecretName:  starburstdata
    Optional:    false
   starburst-config-updated:
    Type:       EmptyDir (a temporary directory that shares a pod's lifetime)
    Medium:     
    SizeLimit:  <unset>
   prometheus-volume:
    Type:      ConfigMap (a volume populated by a ConfigMap)
    Name:      starburst-coordinator-p8s
    Optional:  false
Conditions:
  Type           Status  Reason
  ----           ------  ------
  Progressing    True    NewReplicaSetAvailable
  Available      True    MinimumReplicasAvailable
OldReplicaSets:  coordinator-846fdd4b74 (0/0 replicas created), coordinator-85dd997c78 (0/0 replicas created)
NewReplicaSet:   coordinator-9b999cd76 (1/1 replicas created)
Events:          <none>
