Name:                   hive
Namespace:              default
CreationTimestamp:      Tue, 16 May 2023 01:12:00 -0400
Labels:                 app=starburst-hive
                        app.kubernetes.io/managed-by=Helm
                        helm-chart=starburst-hive-411.0.0
                        helm-release=hive
                        managed-by=Helm
                        role=hive
Annotations:            deployment.kubernetes.io/revision: 1
                        meta.helm.sh/release-name: hive
                        meta.helm.sh/release-namespace: default
Selector:               app=starburst-hive,helm-release=hive,role=hive
Replicas:               1 desired | 1 updated | 1 total | 1 available | 0 unavailable
StrategyType:           RollingUpdate
MinReadySeconds:        0
RollingUpdateStrategy:  25% max unavailable, 25% max surge
Pod Template:
  Labels:       app=starburst-hive
                helm-chart=starburst-hive-411.0.0
                helm-release=hive
                managed-by=Helm
                role=hive
  Annotations:  checksum/init-file: 01ba4719c80b6fe911b091a7c05124b64eeece964e09c058ef8f9805daca546b
                checksum/registry-secret: ff9f180bcbdd5260e743e472b67fed1abebf4e41b9654cfa21382098f2181644
  Containers:
   hive:
    Image:      harbor.starburstdata.net/starburstdata/hive:3.1.3-e.2
    Port:       9083/TCP
    Host Port:  0/TCP
    Limits:
      cpu:     1
      memory:  1Gi
    Requests:
      cpu:     250m
      memory:  1Gi
    Liveness:  tcp-socket :9083 delay=120s timeout=1s period=10s #success=1 #failure=3
    Environment:
      HIVE_METASTORE_JDBC_URL:               jdbc:postgresql://johndee-burks-bootcamp-postgresql.cs8j7iukogcy.us-east-2.rds.amazonaws.com:5432/eks_hms
      HIVE_METASTORE_DRIVER:                 org.postgresql.Driver
      HIVE_METASTORE_USER:                   postgres
      HIVE_METASTORE_PASSWORD:               <set to the key 'databasePassword' in secret 'hive-database-password'>  Optional: false
      HIVE_METASTORE_WAREHOUSE_DIR:          
      HIVE_METASTORE_STORAGE_AUTHORIZATION:  true
      REGION:                                us-east-2
      S3_ENDPOINT:                           s3.us-east-2.amazonaws.com
      S3_ACCESS_KEY:                         
      S3_SECRET_KEY:                         <set to the key 'awsS3.secretKey' in secret 'hive-object-storage-secret'>  Optional: false
      S3_PATH_STYLE_ACCESS:                  false
      GOOGLE_CLOUD_KEY_FILE_PATH:            /gcs-keyfile/key.json
      AZURE_ABFS_OAUTH:                      
      AZURE_ABFS_OAUTH_TOKEN_PROVIDER:       
      AZURE_ABFS_STORAGE_ACCOUNT:            
      AZURE_ABFS_ACCESS_KEY:                 <set to the key 'azure.abfs.accessKey.accessKey' in secret 'hive-object-storage-secret'>  Optional: false
      AZURE_ABFS_OAUTH_CLIENT_ID:            
      AZURE_ABFS_OAUTH_SECRET:               <set to the key 'azure.abfs.oauth.secret' in secret 'hive-object-storage-secret'>  Optional: false
      AZURE_ABFS_OAUTH_ENDPOINT:             
      AZURE_WASB_STORAGE_ACCOUNT:            
      AZURE_WASB_ACCESS_KEY:                 <set to the key 'azure.wasb.accessKey' in secret 'hive-object-storage-secret'>  Optional: false
      AZURE_ADL_CLIENT_ID:                   
      AZURE_ADL_CREDENTIAL:                  <set to the key 'adl.oauth2.credential' in secret 'hive-object-storage-secret'>  Optional: false
      AZURE_ADL_REFRESH_URL:                 
      HIVE_METASTORE_HEAPSIZE_IN_KB:         891289
    Mounts:                                  <none>
  Volumes:                                   <none>
Conditions:
  Type           Status  Reason
  ----           ------  ------
  Progressing    True    NewReplicaSetAvailable
  Available      True    MinimumReplicasAvailable
OldReplicaSets:  <none>
NewReplicaSet:   hive-566c674cc9 (1/1 replicas created)
Events:          <none>
