Name:                     ranger
Namespace:                default
Labels:                   app=starburst-ranger
                          app.kubernetes.io/managed-by=Helm
                          helm-chart=starburst-ranger-411.0.0
                          helm-release=ranger
                          managed-by=Helm
Annotations:              meta.helm.sh/release-name: ranger
                          meta.helm.sh/release-namespace: default
Selector:                 app=starburst-ranger,helm-chart=starburst-ranger-411.0.0,helm-release=ranger,managed-by=Helm
Type:                     LoadBalancer
IP Family Policy:         SingleStack
IP Families:              IPv4
IP:                       172.20.2.141
IPs:                      172.20.2.141
LoadBalancer Ingress:     a9774519034704db5b049dd76ba8d8c6-566603146.us-east-2.elb.amazonaws.com
Port:                     http  6080/TCP
TargetPort:               6080/TCP
NodePort:                 http  30862/TCP
Endpoints:                10.0.178.47:6080
Session Affinity:         None
External Traffic Policy:  Cluster
Events:
  Type    Reason               Age                   From                Message
  ----    ------               ----                  ----                -------
  Normal  UpdatedLoadBalancer  5m48s (x74 over 19d)  service-controller  Updated load balancer with new hosts
