Name:              hive
Namespace:         default
Labels:            app=starburst-hive
                   app.kubernetes.io/managed-by=Helm
                   helm-chart=starburst-hive-411.0.0
                   helm-release=hive
                   managed-by=Helm
                   role=hive
Annotations:       meta.helm.sh/release-name: hive
                   meta.helm.sh/release-namespace: default
Selector:          app=starburst-hive,helm-chart=starburst-hive-411.0.0,helm-release=hive,managed-by=Helm,role=hive
Type:              ClusterIP
IP Family Policy:  SingleStack
IP Families:       IPv4
IP:                172.20.33.179
IPs:               172.20.33.179
Port:              http  9083/TCP
TargetPort:        9083/TCP
Endpoints:         10.0.177.45:9083
Session Affinity:  None
Events:            <none>
