Name:              certmanager-cert-manager
Namespace:         default
Labels:            app=cert-manager
                   app.kubernetes.io/component=controller
                   app.kubernetes.io/instance=certmanager
                   app.kubernetes.io/managed-by=Helm
                   app.kubernetes.io/name=cert-manager
                   app.kubernetes.io/version=v1.11.1
                   helm.sh/chart=cert-manager-v1.11.1
Annotations:       meta.helm.sh/release-name: certmanager
                   meta.helm.sh/release-namespace: default
Selector:          app.kubernetes.io/component=controller,app.kubernetes.io/instance=certmanager,app.kubernetes.io/name=cert-manager
Type:              ClusterIP
IP Family Policy:  SingleStack
IP Families:       IPv4
IP:                172.20.30.112
IPs:               172.20.30.112
Port:              tcp-prometheus-servicemonitor  9402/TCP
TargetPort:        9402/TCP
Endpoints:         10.0.181.168:9402
Session Affinity:  None
Events:            <none>
