Name:                   certmanager-cert-manager-webhook
Namespace:              default
CreationTimestamp:      Tue, 01 Aug 2023 11:35:11 -0400
Labels:                 app=webhook
                        app.kubernetes.io/component=webhook
                        app.kubernetes.io/instance=certmanager
                        app.kubernetes.io/managed-by=Helm
                        app.kubernetes.io/name=webhook
                        app.kubernetes.io/version=v1.11.1
                        helm.sh/chart=cert-manager-v1.11.1
Annotations:            deployment.kubernetes.io/revision: 1
                        meta.helm.sh/release-name: certmanager
                        meta.helm.sh/release-namespace: default
Selector:               app.kubernetes.io/component=webhook,app.kubernetes.io/instance=certmanager,app.kubernetes.io/name=webhook
Replicas:               1 desired | 1 updated | 1 total | 1 available | 0 unavailable
StrategyType:           RollingUpdate
MinReadySeconds:        0
RollingUpdateStrategy:  25% max unavailable, 25% max surge
Pod Template:
  Labels:           app=webhook
                    app.kubernetes.io/component=webhook
                    app.kubernetes.io/instance=certmanager
                    app.kubernetes.io/managed-by=Helm
                    app.kubernetes.io/name=webhook
                    app.kubernetes.io/version=v1.11.1
                    helm.sh/chart=cert-manager-v1.11.1
  Service Account:  certmanager-cert-manager-webhook
  Containers:
   cert-manager-webhook:
    Image:       quay.io/jetstack/cert-manager-webhook:v1.11.1
    Ports:       10250/TCP, 6080/TCP
    Host Ports:  0/TCP, 0/TCP
    Args:
      --v=2
      --secure-port=10250
      --dynamic-serving-ca-secret-namespace=$(POD_NAMESPACE)
      --dynamic-serving-ca-secret-name=certmanager-cert-manager-webhook-ca
      --dynamic-serving-dns-names=certmanager-cert-manager-webhook
      --dynamic-serving-dns-names=certmanager-cert-manager-webhook.$(POD_NAMESPACE)
      --dynamic-serving-dns-names=certmanager-cert-manager-webhook.$(POD_NAMESPACE).svc
    Liveness:   http-get http://:6080/livez delay=60s timeout=1s period=10s #success=1 #failure=3
    Readiness:  http-get http://:6080/healthz delay=5s timeout=1s period=5s #success=1 #failure=3
    Environment:
      POD_NAMESPACE:   (v1:metadata.namespace)
    Mounts:           <none>
  Volumes:            <none>
Conditions:
  Type           Status  Reason
  ----           ------  ------
  Progressing    True    NewReplicaSetAvailable
  Available      True    MinimumReplicasAvailable
OldReplicaSets:  <none>
NewReplicaSet:   certmanager-cert-manager-webhook-74b6ddbb48 (1/1 replicas created)
Events:          <none>
