Name:                   externaldns-external-dns
Namespace:              default
CreationTimestamp:      Tue, 01 Aug 2023 11:37:17 -0400
Labels:                 app.kubernetes.io/instance=externaldns
                        app.kubernetes.io/managed-by=Helm
                        app.kubernetes.io/name=external-dns
                        helm.sh/chart=external-dns-6.17.0
Annotations:            deployment.kubernetes.io/revision: 1
                        meta.helm.sh/release-name: externaldns
                        meta.helm.sh/release-namespace: default
Selector:               app.kubernetes.io/instance=externaldns,app.kubernetes.io/name=external-dns
Replicas:               1 desired | 1 updated | 1 total | 1 available | 0 unavailable
StrategyType:           RollingUpdate
MinReadySeconds:        0
RollingUpdateStrategy:  25% max unavailable, 25% max surge
Pod Template:
  Labels:           app.kubernetes.io/instance=externaldns
                    app.kubernetes.io/managed-by=Helm
                    app.kubernetes.io/name=external-dns
                    helm.sh/chart=external-dns-6.17.0
  Annotations:      prometheus.io/port: 7979
                    prometheus.io/scrape: true
  Service Account:  externaldns-external-dns
  Containers:
   external-dns:
    Image:      docker.io/bitnami/external-dns:0.13.4-debian-11-r2
    Port:       7979/TCP
    Host Port:  0/TCP
    Args:
      --metrics-address=:7979
      --log-level=info
      --log-format=text
      --events
      --zone-id-filter=Z05935543QLG4U69BL0K9
      --policy=sync
      --provider=aws
      --registry=txt
      --interval=10m
      --txt-owner-id=johndee-burks-lab01-us-east-2.enablement.starburstdata.net
      --txt-prefix=johndee-burks-lab01-us-east-2.enablement.starburstdata.net
      --source=service
      --source=ingress
      --aws-api-retries=3
      --aws-zone-type=public
      --aws-batch-change-size=1000
    Liveness:   http-get http://:http/healthz delay=10s timeout=5s period=10s #success=1 #failure=2
    Readiness:  http-get http://:http/healthz delay=5s timeout=5s period=10s #success=1 #failure=6
    Environment:
      AWS_DEFAULT_REGION:  us-east-2
    Mounts:                <none>
  Volumes:                 <none>
Conditions:
  Type           Status  Reason
  ----           ------  ------
  Progressing    True    NewReplicaSetAvailable
  Available      True    MinimumReplicasAvailable
OldReplicaSets:  <none>
NewReplicaSet:   externaldns-external-dns-656c894cb (1/1 replicas created)
Events:          <none>
