Name:                   nginx-ingress-nginx-controller
Namespace:              default
CreationTimestamp:      Tue, 01 Aug 2023 11:35:55 -0400
Labels:                 app.kubernetes.io/component=controller
                        app.kubernetes.io/instance=nginx
                        app.kubernetes.io/managed-by=Helm
                        app.kubernetes.io/name=ingress-nginx
                        app.kubernetes.io/part-of=ingress-nginx
                        app.kubernetes.io/version=1.7.0
                        helm.sh/chart=ingress-nginx-4.6.0
Annotations:            deployment.kubernetes.io/revision: 1
                        meta.helm.sh/release-name: nginx
                        meta.helm.sh/release-namespace: default
Selector:               app.kubernetes.io/component=controller,app.kubernetes.io/instance=nginx,app.kubernetes.io/name=ingress-nginx
Replicas:               1 desired | 1 updated | 1 total | 1 available | 0 unavailable
StrategyType:           RollingUpdate
MinReadySeconds:        0
RollingUpdateStrategy:  25% max unavailable, 25% max surge
Pod Template:
  Labels:           app.kubernetes.io/component=controller
                    app.kubernetes.io/instance=nginx
                    app.kubernetes.io/managed-by=Helm
                    app.kubernetes.io/name=ingress-nginx
                    app.kubernetes.io/part-of=ingress-nginx
                    app.kubernetes.io/version=1.7.0
                    helm.sh/chart=ingress-nginx-4.6.0
  Service Account:  nginx-ingress-nginx
  Containers:
   controller:
    Image:       registry.k8s.io/ingress-nginx/controller:v1.7.0@sha256:7612338342a1e7b8090bef78f2a04fffcadd548ccaabe8a47bf7758ff549a5f7
    Ports:       80/TCP, 443/TCP, 8443/TCP
    Host Ports:  0/TCP, 0/TCP, 0/TCP
    Args:
      /nginx-ingress-controller
      --publish-service=$(POD_NAMESPACE)/nginx-ingress-nginx-controller
      --election-id=nginx-ingress-nginx-leader
      --controller-class=k8s.io/ingress-nginx
      --ingress-class=nginx
      --configmap=$(POD_NAMESPACE)/nginx-ingress-nginx-controller
      --validating-webhook=:8443
      --validating-webhook-certificate=/usr/local/certificates/cert
      --validating-webhook-key=/usr/local/certificates/key
    Requests:
      cpu:      100m
      memory:   90Mi
    Liveness:   http-get http://:10254/healthz delay=10s timeout=1s period=10s #success=1 #failure=5
    Readiness:  http-get http://:10254/healthz delay=10s timeout=1s period=10s #success=1 #failure=3
    Environment:
      POD_NAME:        (v1:metadata.name)
      POD_NAMESPACE:   (v1:metadata.namespace)
      LD_PRELOAD:     /usr/local/lib/libmimalloc.so
    Mounts:
      /usr/local/certificates/ from webhook-cert (ro)
  Volumes:
   webhook-cert:
    Type:        Secret (a volume populated by a Secret)
    SecretName:  nginx-ingress-nginx-admission
    Optional:    false
Conditions:
  Type           Status  Reason
  ----           ------  ------
  Progressing    True    NewReplicaSetAvailable
  Available      True    MinimumReplicasAvailable
OldReplicaSets:  <none>
NewReplicaSet:   nginx-ingress-nginx-controller-6547cdd79b (1/1 replicas created)
Events:          <none>
