Name:               ip-10-0-189-79.us-east-2.compute.internal
Roles:              <none>
Labels:             alpha.eksctl.io/cluster-name=johndee-burks-lab01
                    alpha.eksctl.io/nodegroup-name=base
                    apps=base
                    beta.kubernetes.io/arch=amd64
                    beta.kubernetes.io/instance-type=m5a.xlarge
                    beta.kubernetes.io/os=linux
                    eks.amazonaws.com/capacityType=SPOT
                    eks.amazonaws.com/nodegroup=base
                    eks.amazonaws.com/nodegroup-image=ami-09d80224b8fe20ffb
                    eks.amazonaws.com/sourceLaunchTemplateId=lt-0dae3131d3ac1b8ec
                    eks.amazonaws.com/sourceLaunchTemplateVersion=1
                    failure-domain.beta.kubernetes.io/region=us-east-2
                    failure-domain.beta.kubernetes.io/zone=us-east-2c
                    k8s.io/cloud-provider-aws=74a2e788da539a33579b6e0ea15571c4
                    kubernetes.io/arch=amd64
                    kubernetes.io/hostname=ip-10-0-189-79.us-east-2.compute.internal
                    kubernetes.io/os=linux
                    node.kubernetes.io/instance-type=m5a.xlarge
                    topology.kubernetes.io/region=us-east-2
                    topology.kubernetes.io/zone=us-east-2c
Annotations:        alpha.kubernetes.io/provided-node-ip: 10.0.189.79
                    node.alpha.kubernetes.io/ttl: 0
                    volumes.kubernetes.io/controller-managed-attach-detach: true
CreationTimestamp:  Mon, 04 Dec 2023 17:02:01 -0500
Taints:             <none>
Unschedulable:      false
Lease:
  HolderIdentity:  ip-10-0-189-79.us-east-2.compute.internal
  AcquireTime:     <unset>
  RenewTime:       Mon, 04 Dec 2023 18:12:57 -0500
Conditions:
  Type             Status  LastHeartbeatTime                 LastTransitionTime                Reason                       Message
  ----             ------  -----------------                 ------------------                ------                       -------
  MemoryPressure   False   Mon, 04 Dec 2023 18:09:51 -0500   Mon, 04 Dec 2023 17:02:00 -0500   KubeletHasSufficientMemory   kubelet has sufficient memory available
  DiskPressure     False   Mon, 04 Dec 2023 18:09:51 -0500   Mon, 04 Dec 2023 17:02:00 -0500   KubeletHasNoDiskPressure     kubelet has no disk pressure
  PIDPressure      False   Mon, 04 Dec 2023 18:09:51 -0500   Mon, 04 Dec 2023 17:02:00 -0500   KubeletHasSufficientPID      kubelet has sufficient PID available
  Ready            True    Mon, 04 Dec 2023 18:09:51 -0500   Mon, 04 Dec 2023 17:02:21 -0500   KubeletReady                 kubelet is posting ready status
Addresses:
  InternalIP:   10.0.189.79
  InternalDNS:  ip-10-0-189-79.us-east-2.compute.internal
  Hostname:     ip-10-0-189-79.us-east-2.compute.internal
Capacity:
  cpu:                4
  ephemeral-storage:  83873772Ki
  hugepages-1Gi:      0
  hugepages-2Mi:      0
  memory:             15985120Ki
  pods:               58
Allocatable:
  cpu:                3920m
  ephemeral-storage:  76224326324
  hugepages-1Gi:      0
  hugepages-2Mi:      0
  memory:             14968288Ki
  pods:               58
System Info:
  Machine ID:                 ec2905068448e85d5b974c909d7416c0
  System UUID:                ec290506-8448-e85d-5b97-4c909d7416c0
  Boot ID:                    b83947e6-1a33-42a1-80e5-44e3b8095033
  Kernel Version:             5.10.186-179.751.amzn2.x86_64
  OS Image:                   Amazon Linux 2
  Operating System:           linux
  Architecture:               amd64
  Container Runtime Version:  containerd://1.6.19
  Kubelet Version:            v1.27.4-eks-8ccc7ba
  Kube-Proxy Version:         v1.27.4-eks-8ccc7ba
ProviderID:                   aws:///us-east-2c/i-06ed223e61397604e
Non-terminated Pods:          (12 in total)
  Namespace                   Name                                                    CPU Requests  CPU Limits  Memory Requests  Memory Limits  Age
  ---------                   ----                                                    ------------  ----------  ---------------  -------------  ---
  default                     certmanager-cert-manager-5f77cf4598-fcbd9               0 (0%)        0 (0%)      0 (0%)           0 (0%)         72m
  default                     certmanager-cert-manager-cainjector-558bf5b55d-5vj7p    0 (0%)        0 (0%)      0 (0%)           0 (0%)         72m
  default                     certmanager-cert-manager-webhook-74b6ddbb48-5zr8r       0 (0%)        0 (0%)      0 (0%)           0 (0%)         72m
  default                     externaldns-external-dns-656c894cb-98g6b                0 (0%)        0 (0%)      0 (0%)           0 (0%)         72m
  default                     hive-566c674cc9-7ljr6                                   250m (6%)     1 (25%)     1Gi (7%)         1Gi (7%)       72m
  default                     nginx-ingress-nginx-controller-6547cdd79b-qx8xm         100m (2%)     0 (0%)      90Mi (0%)        0 (0%)         72m
  default                     ranger-7855c458d8-dqqbr                                 1 (25%)       2 (51%)     1Gi (7%)         1Gi (7%)       72m
  kube-system                 aws-node-vcgx8                                          25m (0%)      0 (0%)      0 (0%)           0 (0%)         71m
  kube-system                 coredns-5c5677bc78-624mf                                100m (2%)     0 (0%)      70Mi (0%)        170Mi (1%)     72m
  kube-system                 coredns-5c5677bc78-hw59d                                100m (2%)     0 (0%)      70Mi (0%)        170Mi (1%)     72m
  kube-system                 kube-proxy-z2pjv                                        100m (2%)     0 (0%)      0 (0%)           0 (0%)         71m
  kube-system                 metrics-server-5d875656f5-clgfs                         100m (2%)     0 (0%)      200Mi (1%)       0 (0%)         72m
Allocated resources:
  (Total limits may be over 100 percent, i.e., overcommitted.)
  Resource           Requests      Limits
  --------           --------      ------
  cpu                1775m (45%)   3 (76%)
  memory             2478Mi (16%)  2388Mi (16%)
  ephemeral-storage  0 (0%)        0 (0%)
  hugepages-1Gi      0 (0%)        0 (0%)
  hugepages-2Mi      0 (0%)        0 (0%)
Events:              <none>
