Name:                   ranger
Namespace:              default
CreationTimestamp:      Tue, 16 May 2023 02:45:13 -0400
Labels:                 app=starburst-ranger
                        app.kubernetes.io/managed-by=Helm
                        helm-chart=starburst-ranger-411.0.0
                        helm-release=ranger
                        managed-by=Helm
Annotations:            deployment.kubernetes.io/revision: 1
                        meta.helm.sh/release-name: ranger
                        meta.helm.sh/release-namespace: default
Selector:               app=starburst-ranger,helm-release=ranger
Replicas:               1 desired | 1 updated | 1 total | 1 available | 0 unavailable
StrategyType:           RollingUpdate
MinReadySeconds:        0
RollingUpdateStrategy:  25% max unavailable, 25% max surge
Pod Template:
  Labels:       app=starburst-ranger
                helm-chart=starburst-ranger-411.0.0
                helm-release=ranger
                managed-by=Helm
  Annotations:  checksum/datasources: de094e6aae7f23a95b19c9bcbefb54045942a73a752346280bd01f6dc142d935
                checksum/extra-secret: 01ba4719c80b6fe911b091a7c05124b64eeece964e09c058ef8f9805daca546b
                checksum/init-file: 103a292a332246d2311b25b30e290d61b4e023c10bdfa168b580e96e50d012f7
                checksum/init-file-scripts: f7438e33138df2598cecb2202f54c81925df4e11539c493e8a6b5b12d1b0eff6
                checksum/registry-secret: 54e6f6b2e4cba7dbf9893ff249254bbae44c3d2a716bcc3b53ff61e85b14e57b
  Containers:
   ranger-admin:
    Image:      harbor.starburstdata.net/starburstdata/starburst-ranger-admin:2.3.0-e.5
    Port:       6080/TCP
    Host Port:  0/TCP
    Command:
      /bin/bash
    Args:
      /init/initFile
      ranger-admin
    Limits:
      cpu:     2
      memory:  1Gi
    Requests:
      cpu:      1
      memory:   1Gi
    Liveness:   http-get http://:http/ delay=0s timeout=1s period=10s #success=1 #failure=3
    Readiness:  http-get http://:http/ delay=0s timeout=1s period=10s #success=1 #failure=10
    Startup:    exec [sh -c grep 'ranger-admin started' /opt/ranger/starburst-ranger-server-admin-*/ews/logs/start.sh.log] delay=0s timeout=1s period=10s #success=1 #failure=30
    Environment:
      RANGER__policymgr_port:           6080
      RANGER__db_name:                  eks_ranger
      RANGER__db_root_user:             postgres
      RANGER__db_root_password:         <set to the key 'databaseRootPassword' in secret 'ranger-database-password'>  Optional: false
      RANGER__db_user:                  postgres
      RANGER__db_password:              <set to the key 'databasePassword' in secret 'ranger-database-password'>  Optional: false
      RANGER__db_host:                  johndee-burks-bootcamp-postgresql.cs8j7iukogcy.us-east-2.rds.amazonaws.com
      WAIT_FOR:                         johndee-burks-bootcamp-postgresql.cs8j7iukogcy.us-east-2.rds.amazonaws.com:5432
      RANGER__rangerAdmin_password:     <set to the key 'admin.passwords.admin' in secret 'ranger-password-secret'>     Optional: false
      RANGER__rangerTagsync_password:   <set to the key 'admin.passwords.tagsync' in secret 'ranger-password-secret'>   Optional: false
      RANGER__rangerUsersync_password:  <set to the key 'admin.passwords.usersync' in secret 'ranger-password-secret'>  Optional: false
      RANGER__keyadmin_password:        <set to the key 'admin.passwords.keyadmin' in secret 'ranger-password-secret'>  Optional: false
      WAIT_TIMEOUT:                     15
    Mounts:
      /config from datasources-volume (rw)
      /init from init-file (ro)
      /scripts from scripts-volume (rw)
  Volumes:
   init-file:
    Type:        Secret (a volume populated by a Secret)
    SecretName:  init-secret-ranger-starburst-ranger
    Optional:    false
   scripts-volume:
    Type:      ConfigMap (a volume populated by a ConfigMap)
    Name:      scripts-configmap
    Optional:  false
   datasources-volume:
    Type:        Secret (a volume populated by a Secret)
    SecretName:  datasources-secret-ranger-starburst-ranger
    Optional:    false
Conditions:
  Type           Status  Reason
  ----           ------  ------
  Progressing    True    NewReplicaSetAvailable
  Available      True    MinimumReplicasAvailable
OldReplicaSets:  <none>
NewReplicaSet:   ranger-7855c458d8 (1/1 replicas created)
Events:          <none>
