Name:                   certmanager-cert-manager-cainjector
Namespace:              default
CreationTimestamp:      Tue, 01 Aug 2023 11:35:11 -0400
Labels:                 app=cainjector
                        app.kubernetes.io/component=cainjector
                        app.kubernetes.io/instance=certmanager
                        app.kubernetes.io/managed-by=Helm
                        app.kubernetes.io/name=cainjector
                        app.kubernetes.io/version=v1.11.1
                        helm.sh/chart=cert-manager-v1.11.1
Annotations:            deployment.kubernetes.io/revision: 1
                        meta.helm.sh/release-name: certmanager
                        meta.helm.sh/release-namespace: default
Selector:               app.kubernetes.io/component=cainjector,app.kubernetes.io/instance=certmanager,app.kubernetes.io/name=cainjector
Replicas:               1 desired | 1 updated | 1 total | 1 available | 0 unavailable
StrategyType:           RollingUpdate
MinReadySeconds:        0
RollingUpdateStrategy:  25% max unavailable, 25% max surge
Pod Template:
  Labels:           app=cainjector
                    app.kubernetes.io/component=cainjector
                    app.kubernetes.io/instance=certmanager
                    app.kubernetes.io/managed-by=Helm
                    app.kubernetes.io/name=cainjector
                    app.kubernetes.io/version=v1.11.1
                    helm.sh/chart=cert-manager-v1.11.1
  Service Account:  certmanager-cert-manager-cainjector
  Containers:
   cert-manager-cainjector:
    Image:      quay.io/jetstack/cert-manager-cainjector:v1.11.1
    Port:       <none>
    Host Port:  <none>
    Args:
      --v=2
      --leader-election-namespace=kube-system
    Environment:
      POD_NAMESPACE:   (v1:metadata.namespace)
    Mounts:           <none>
  Volumes:            <none>
Conditions:
  Type           Status  Reason
  ----           ------  ------
  Progressing    True    NewReplicaSetAvailable
  Available      True    MinimumReplicasAvailable
OldReplicaSets:  <none>
NewReplicaSet:   certmanager-cert-manager-cainjector-558bf5b55d (1/1 replicas created)
Events:          <none>
