Name:                   certmanager-cert-manager
Namespace:              default
CreationTimestamp:      Tue, 01 Aug 2023 11:35:11 -0400
Labels:                 app=cert-manager
                        app.kubernetes.io/component=controller
                        app.kubernetes.io/instance=certmanager
                        app.kubernetes.io/managed-by=Helm
                        app.kubernetes.io/name=cert-manager
                        app.kubernetes.io/version=v1.11.1
                        helm.sh/chart=cert-manager-v1.11.1
Annotations:            deployment.kubernetes.io/revision: 1
                        meta.helm.sh/release-name: certmanager
                        meta.helm.sh/release-namespace: default
Selector:               app.kubernetes.io/component=controller,app.kubernetes.io/instance=certmanager,app.kubernetes.io/name=cert-manager
Replicas:               1 desired | 1 updated | 1 total | 1 available | 0 unavailable
StrategyType:           RollingUpdate
MinReadySeconds:        0
RollingUpdateStrategy:  25% max unavailable, 25% max surge
Pod Template:
  Labels:           app=cert-manager
                    app.kubernetes.io/component=controller
                    app.kubernetes.io/instance=certmanager
                    app.kubernetes.io/managed-by=Helm
                    app.kubernetes.io/name=cert-manager
                    app.kubernetes.io/version=v1.11.1
                    helm.sh/chart=cert-manager-v1.11.1
  Annotations:      prometheus.io/path: /metrics
                    prometheus.io/port: 9402
                    prometheus.io/scrape: true
  Service Account:  certmanager-cert-manager
  Containers:
   cert-manager-controller:
    Image:      quay.io/jetstack/cert-manager-controller:v1.11.1
    Port:       9402/TCP
    Host Port:  0/TCP
    Args:
      --v=2
      --cluster-resource-namespace=$(POD_NAMESPACE)
      --leader-election-namespace=kube-system
      --acme-http01-solver-image=quay.io/jetstack/cert-manager-acmesolver:v1.11.1
      --max-concurrent-challenges=60
    Environment:
      POD_NAMESPACE:   (v1:metadata.namespace)
    Mounts:           <none>
  Volumes:            <none>
Conditions:
  Type           Status  Reason
  ----           ------  ------
  Progressing    True    NewReplicaSetAvailable
  Available      True    MinimumReplicasAvailable
OldReplicaSets:  <none>
NewReplicaSet:   certmanager-cert-manager-5f77cf4598 (1/1 replicas created)
Events:          <none>
