Name:               ip-10-0-188-41.us-east-2.compute.internal
Roles:              <none>
Labels:             alpha.eksctl.io/cluster-name=johndee-burks-lab01
                    alpha.eksctl.io/nodegroup-name=base
                    apps=base
                    beta.kubernetes.io/arch=amd64
                    beta.kubernetes.io/instance-type=m5a.xlarge
                    beta.kubernetes.io/os=linux
                    eks.amazonaws.com/capacityType=SPOT
                    eks.amazonaws.com/nodegroup=base
                    eks.amazonaws.com/nodegroup-image=ami-09d80224b8fe20ffb
                    eks.amazonaws.com/sourceLaunchTemplateId=lt-0dae3131d3ac1b8ec
                    eks.amazonaws.com/sourceLaunchTemplateVersion=1
                    failure-domain.beta.kubernetes.io/region=us-east-2
                    failure-domain.beta.kubernetes.io/zone=us-east-2c
                    k8s.io/cloud-provider-aws=74a2e788da539a33579b6e0ea15571c4
                    kubernetes.io/arch=amd64
                    kubernetes.io/hostname=ip-10-0-188-41.us-east-2.compute.internal
                    kubernetes.io/os=linux
                    node.kubernetes.io/instance-type=m5a.xlarge
                    topology.kubernetes.io/region=us-east-2
                    topology.kubernetes.io/zone=us-east-2c
Annotations:        alpha.kubernetes.io/provided-node-ip: 10.0.188.41
                    node.alpha.kubernetes.io/ttl: 0
                    volumes.kubernetes.io/controller-managed-attach-detach: true
CreationTimestamp:  Tue, 05 Dec 2023 13:20:59 -0500
Taints:             <none>
Unschedulable:      false
Lease:
  HolderIdentity:  ip-10-0-188-41.us-east-2.compute.internal
  AcquireTime:     <unset>
  RenewTime:       Tue, 05 Dec 2023 13:40:41 -0500
Conditions:
  Type             Status  LastHeartbeatTime                 LastTransitionTime                Reason                       Message
  ----             ------  -----------------                 ------------------                ------                       -------
  MemoryPressure   False   Tue, 05 Dec 2023 13:37:49 -0500   Tue, 05 Dec 2023 13:20:58 -0500   KubeletHasSufficientMemory   kubelet has sufficient memory available
  DiskPressure     False   Tue, 05 Dec 2023 13:37:49 -0500   Tue, 05 Dec 2023 13:20:58 -0500   KubeletHasNoDiskPressure     kubelet has no disk pressure
  PIDPressure      False   Tue, 05 Dec 2023 13:37:49 -0500   Tue, 05 Dec 2023 13:20:58 -0500   KubeletHasSufficientPID      kubelet has sufficient PID available
  Ready            True    Tue, 05 Dec 2023 13:37:49 -0500   Tue, 05 Dec 2023 13:21:19 -0500   KubeletReady                 kubelet is posting ready status
Addresses:
  InternalIP:   10.0.188.41
  InternalDNS:  ip-10-0-188-41.us-east-2.compute.internal
  Hostname:     ip-10-0-188-41.us-east-2.compute.internal
Capacity:
  cpu:                4
  ephemeral-storage:  83873772Ki
  hugepages-1Gi:      0
  hugepages-2Mi:      0
  memory:             15985120Ki
  pods:               58
Allocatable:
  cpu:                3920m
  ephemeral-storage:  76224326324
  hugepages-1Gi:      0
  hugepages-2Mi:      0
  memory:             14968288Ki
  pods:               58
System Info:
  Machine ID:                 ec2f2c14152218984fb32826840396bc
  System UUID:                ec2f2c14-1522-1898-4fb3-2826840396bc
  Boot ID:                    e8b12bc6-cf66-4e3a-8300-6223317df066
  Kernel Version:             5.10.186-179.751.amzn2.x86_64
  OS Image:                   Amazon Linux 2
  Operating System:           linux
  Architecture:               amd64
  Container Runtime Version:  containerd://1.6.19
  Kubelet Version:            v1.27.4-eks-8ccc7ba
  Kube-Proxy Version:         v1.27.4-eks-8ccc7ba
ProviderID:                   aws:///us-east-2c/i-0874c279dbd1aba51
Non-terminated Pods:          (9 in total)
  Namespace                   Name                                                    CPU Requests  CPU Limits  Memory Requests  Memory Limits  Age
  ---------                   ----                                                    ------------  ----------  ---------------  -------------  ---
  default                     certmanager-cert-manager-5f77cf4598-rgjh2               0 (0%)        0 (0%)      0 (0%)           0 (0%)         17h
  default                     certmanager-cert-manager-cainjector-558bf5b55d-f2bx5    0 (0%)        0 (0%)      0 (0%)           0 (0%)         17h
  default                     certmanager-cert-manager-webhook-74b6ddbb48-hjh5x       0 (0%)        0 (0%)      0 (0%)           0 (0%)         17h
  default                     externaldns-external-dns-656c894cb-bl822                0 (0%)        0 (0%)      0 (0%)           0 (0%)         17h
  default                     hive-566c674cc9-b5878                                   250m (6%)     1 (25%)     1Gi (7%)         1Gi (7%)       17h
  default                     nginx-ingress-nginx-controller-6547cdd79b-lbt69         100m (2%)     0 (0%)      90Mi (0%)        0 (0%)         17h
  default                     ranger-7855c458d8-kt2qk                                 1 (25%)       2 (51%)     1Gi (7%)         1Gi (7%)       17h
  kube-system                 aws-node-6w4dg                                          25m (0%)      0 (0%)      0 (0%)           0 (0%)         19m
  kube-system                 kube-proxy-7jmr5                                        100m (2%)     0 (0%)      0 (0%)           0 (0%)         19m
Allocated resources:
  (Total limits may be over 100 percent, i.e., overcommitted.)
  Resource           Requests      Limits
  --------           --------      ------
  cpu                1475m (37%)   3 (76%)
  memory             2138Mi (14%)  2Gi (14%)
  ephemeral-storage  0 (0%)        0 (0%)
  hugepages-1Gi      0 (0%)        0 (0%)
  hugepages-2Mi      0 (0%)        0 (0%)
Events:
  Type     Reason                   Age                From                   Message
  ----     ------                   ----               ----                   -------
  Normal   Starting                 19m                kube-proxy             
  Normal   Starting                 19m                kubelet                Starting kubelet.
  Warning  InvalidDiskCapacity      19m                kubelet                invalid capacity 0 on image filesystem
  Normal   NodeHasSufficientMemory  19m (x2 over 19m)  kubelet                Node ip-10-0-188-41.us-east-2.compute.internal status is now: NodeHasSufficientMemory
  Normal   NodeHasNoDiskPressure    19m (x2 over 19m)  kubelet                Node ip-10-0-188-41.us-east-2.compute.internal status is now: NodeHasNoDiskPressure
  Normal   NodeHasSufficientPID     19m (x2 over 19m)  kubelet                Node ip-10-0-188-41.us-east-2.compute.internal status is now: NodeHasSufficientPID
  Normal   NodeAllocatableEnforced  19m                kubelet                Updated Node Allocatable limit across pods
  Normal   Synced                   19m                cloud-node-controller  Node synced successfully
  Normal   RegisteredNode           19m                node-controller        Node ip-10-0-188-41.us-east-2.compute.internal event: Registered Node ip-10-0-188-41.us-east-2.compute.internal in Controller
  Normal   NodeReady                19m                kubelet                Node ip-10-0-188-41.us-east-2.compute.internal status is now: NodeReady
