Name:               ip-10-0-185-3.us-east-2.compute.internal
Roles:              <none>
Labels:             alpha.eksctl.io/cluster-name=johndee-burks-lab01
                    alpha.eksctl.io/nodegroup-name=sep
                    apps=sep
                    beta.kubernetes.io/arch=amd64
                    beta.kubernetes.io/instance-type=m5a.xlarge
                    beta.kubernetes.io/os=linux
                    eks.amazonaws.com/capacityType=SPOT
                    eks.amazonaws.com/nodegroup=sep
                    eks.amazonaws.com/nodegroup-image=ami-09d80224b8fe20ffb
                    eks.amazonaws.com/sourceLaunchTemplateId=lt-0f1f8c53f654d6bc5
                    eks.amazonaws.com/sourceLaunchTemplateVersion=1
                    failure-domain.beta.kubernetes.io/region=us-east-2
                    failure-domain.beta.kubernetes.io/zone=us-east-2c
                    k8s.io/cloud-provider-aws=74a2e788da539a33579b6e0ea15571c4
                    kubernetes.io/arch=amd64
                    kubernetes.io/hostname=ip-10-0-185-3.us-east-2.compute.internal
                    kubernetes.io/os=linux
                    node.kubernetes.io/instance-type=m5a.xlarge
                    topology.kubernetes.io/region=us-east-2
                    topology.kubernetes.io/zone=us-east-2c
Annotations:        alpha.kubernetes.io/provided-node-ip: 10.0.185.3
                    node.alpha.kubernetes.io/ttl: 0
                    volumes.kubernetes.io/controller-managed-attach-detach: true
CreationTimestamp:  Tue, 05 Dec 2023 13:20:58 -0500
Taints:             <none>
Unschedulable:      false
Lease:
  HolderIdentity:  ip-10-0-185-3.us-east-2.compute.internal
  AcquireTime:     <unset>
  RenewTime:       Tue, 05 Dec 2023 13:40:45 -0500
Conditions:
  Type             Status  LastHeartbeatTime                 LastTransitionTime                Reason                       Message
  ----             ------  -----------------                 ------------------                ------                       -------
  MemoryPressure   False   Tue, 05 Dec 2023 13:37:49 -0500   Tue, 05 Dec 2023 13:20:57 -0500   KubeletHasSufficientMemory   kubelet has sufficient memory available
  DiskPressure     False   Tue, 05 Dec 2023 13:37:49 -0500   Tue, 05 Dec 2023 13:20:57 -0500   KubeletHasNoDiskPressure     kubelet has no disk pressure
  PIDPressure      False   Tue, 05 Dec 2023 13:37:49 -0500   Tue, 05 Dec 2023 13:20:57 -0500   KubeletHasSufficientPID      kubelet has sufficient PID available
  Ready            True    Tue, 05 Dec 2023 13:37:49 -0500   Tue, 05 Dec 2023 13:21:18 -0500   KubeletReady                 kubelet is posting ready status
Addresses:
  InternalIP:   10.0.185.3
  InternalDNS:  ip-10-0-185-3.us-east-2.compute.internal
  Hostname:     ip-10-0-185-3.us-east-2.compute.internal
Capacity:
  cpu:                4
  ephemeral-storage:  83873772Ki
  hugepages-1Gi:      0
  hugepages-2Mi:      0
  memory:             15985120Ki
  pods:               58
Allocatable:
  cpu:                3920m
  ephemeral-storage:  76224326324
  hugepages-1Gi:      0
  hugepages-2Mi:      0
  memory:             14968288Ki
  pods:               58
System Info:
  Machine ID:                 ec2cba8253fe81c9b0341f65d702bd69
  System UUID:                ec2cba82-53fe-81c9-b034-1f65d702bd69
  Boot ID:                    a4358796-3228-4a18-93f0-2d397382f355
  Kernel Version:             5.10.186-179.751.amzn2.x86_64
  OS Image:                   Amazon Linux 2
  Operating System:           linux
  Architecture:               amd64
  Container Runtime Version:  containerd://1.6.19
  Kubelet Version:            v1.27.4-eks-8ccc7ba
  Kube-Proxy Version:         v1.27.4-eks-8ccc7ba
ProviderID:                   aws:///us-east-2c/i-06bc504be0db5b32f
Non-terminated Pods:          (7 in total)
  Namespace                   Name                               CPU Requests  CPU Limits  Memory Requests  Memory Limits  Age
  ---------                   ----                               ------------  ----------  ---------------  -------------  ---
  default                     coordinator-9b999cd76-t8sx6        1 (25%)       0 (0%)      4Gi (28%)        4Gi (28%)      17h
  default                     worker-5d58dd7855-7wclj            1 (25%)       0 (0%)      4Gi (28%)        4Gi (28%)      17h
  kube-system                 aws-node-m66qk                     25m (0%)      0 (0%)      0 (0%)           0 (0%)         19m
  kube-system                 coredns-5c5677bc78-gwjn8           100m (2%)     0 (0%)      70Mi (0%)        170Mi (1%)     17h
  kube-system                 coredns-5c5677bc78-rtzs2           100m (2%)     0 (0%)      70Mi (0%)        170Mi (1%)     17h
  kube-system                 kube-proxy-v7c9p                   100m (2%)     0 (0%)      0 (0%)           0 (0%)         19m
  kube-system                 metrics-server-5d875656f5-7vfns    100m (2%)     0 (0%)      200Mi (1%)       0 (0%)         17h
Allocated resources:
  (Total limits may be over 100 percent, i.e., overcommitted.)
  Resource           Requests      Limits
  --------           --------      ------
  cpu                2425m (61%)   0 (0%)
  memory             8532Mi (58%)  8532Mi (58%)
  ephemeral-storage  0 (0%)        0 (0%)
  hugepages-1Gi      0 (0%)        0 (0%)
  hugepages-2Mi      0 (0%)        0 (0%)
Events:
  Type     Reason                   Age                From                   Message
  ----     ------                   ----               ----                   -------
  Normal   Starting                 19m                kube-proxy             
  Normal   Starting                 19m                kubelet                Starting kubelet.
  Warning  InvalidDiskCapacity      19m                kubelet                invalid capacity 0 on image filesystem
  Normal   NodeHasSufficientMemory  19m (x2 over 19m)  kubelet                Node ip-10-0-185-3.us-east-2.compute.internal status is now: NodeHasSufficientMemory
  Normal   NodeHasNoDiskPressure    19m (x2 over 19m)  kubelet                Node ip-10-0-185-3.us-east-2.compute.internal status is now: NodeHasNoDiskPressure
  Normal   NodeHasSufficientPID     19m (x2 over 19m)  kubelet                Node ip-10-0-185-3.us-east-2.compute.internal status is now: NodeHasSufficientPID
  Normal   NodeAllocatableEnforced  19m                kubelet                Updated Node Allocatable limit across pods
  Normal   Synced                   19m                cloud-node-controller  Node synced successfully
  Normal   RegisteredNode           19m                node-controller        Node ip-10-0-185-3.us-east-2.compute.internal event: Registered Node ip-10-0-185-3.us-east-2.compute.internal in Controller
  Normal   NodeReady                19m                kubelet                Node ip-10-0-185-3.us-east-2.compute.internal status is now: NodeReady
