Name:         starburst-worker-p8s
Namespace:    default
Labels:       app.kubernetes.io/managed-by=Helm
              name=starburst-worker-p8s
Annotations:  meta.helm.sh/release-name: starburst
              meta.helm.sh/release-namespace: default

Data
====
prometheus.yaml:
----
rules:
  - attrNameSnakeCase: true
    name: $1
    pattern: trino.execution<name=QueryManager><>(running_queries|queued_queries)
    type: GAUGE
  - name: failed_queries
    pattern: trino.execution<name=QueryManager><>FailedQueries\.TotalCount
    type: COUNTER


BinaryData
====

Events:  <none>
